<?xml version="1.0" encoding="UTF-8"?>
<!-- Generated by org.testng.reporters.JUnitReportReporter -->
<testsuite hostname="Nagendra" failures="0" tests="1" name="Insurance.testproject.AppTest" time="0.000" errors="0" timestamp="2 Dec 2023 07:25:51 GMT">
  <testcase classname="Insurance.testproject.AppTest" name="shouldAnswerWithTrue" time="0.000"/>
</testsuite> <!-- Insurance.testproject.AppTest -->
